<?xml version="1.0" encoding="UTF-8"?>
<coverage generated="1633306959678" clover="3.2.0">
  <project timestamp="1633306959679" name="All files">
    <metrics statements="89" coveredstatements="87" conditionals="25" coveredconditionals="22" methods="26" coveredmethods="26" elements="140" coveredelements="135" complexity="0" loc="89" ncloc="89" packages="1" files="7" classes="7"/>
    <file name="Coupon.js" path="C:\Users\jaque\OneDrive\Documentos\Estudos\TI\Typescript\dist\src\Coupon.js">
      <metrics statements="6" coveredstatements="6" conditionals="0" coveredconditionals="0" methods="2" coveredmethods="2"/>
      <line num="2" count="1" type="stmt"/>
      <line num="5" count="2" type="stmt"/>
      <line num="6" count="2" type="stmt"/>
      <line num="7" count="2" type="stmt"/>
      <line num="10" count="2" type="stmt"/>
      <line num="13" count="1" type="stmt"/>
    </file>
    <file name="Cpf.js" path="C:\Users\jaque\OneDrive\Documentos\Estudos\TI\Typescript\dist\src\Cpf.js">
      <metrics statements="30" coveredstatements="28" conditionals="12" coveredconditionals="10" methods="7" coveredmethods="7"/>
      <line num="2" count="2" type="stmt"/>
      <line num="5" count="9" type="stmt"/>
      <line num="6" count="9" type="stmt"/>
      <line num="7" count="9" type="stmt"/>
      <line num="8" count="9" type="cond" truecount="2" falsecount="0"/>
      <line num="9" count="2" type="stmt"/>
      <line num="10" count="7" type="stmt"/>
      <line num="13" count="9" type="cond" truecount="1" falsecount="1"/>
      <line num="14" count="0" type="stmt"/>
      <line num="15" count="9" type="stmt"/>
      <line num="16" count="9" type="cond" truecount="1" falsecount="1"/>
      <line num="17" count="0" type="stmt"/>
      <line num="18" count="9" type="cond" truecount="2" falsecount="0"/>
      <line num="19" count="2" type="stmt"/>
      <line num="20" count="7" type="stmt"/>
      <line num="21" count="7" type="stmt"/>
      <line num="22" count="7" type="stmt"/>
      <line num="23" count="7" type="stmt"/>
      <line num="24" count="7" type="stmt"/>
      <line num="27" count="9" type="stmt"/>
      <line num="30" count="9" type="stmt"/>
      <line num="31" count="36" type="stmt"/>
      <line num="34" count="14" type="stmt"/>
      <line num="35" count="14" type="stmt"/>
      <line num="36" count="154" type="cond" truecount="2" falsecount="0"/>
      <line num="37" count="133" type="stmt"/>
      <line num="39" count="14" type="stmt"/>
      <line num="40" count="14" type="cond" truecount="2" falsecount="0"/>
      <line num="43" count="7" type="stmt"/>
      <line num="46" count="2" type="stmt"/>
    </file>
    <file name="Item.js" path="C:\Users\jaque\OneDrive\Documentos\Estudos\TI\Typescript\dist\src\Item.js">
      <metrics statements="7" coveredstatements="7" conditionals="0" coveredconditionals="0" methods="1" coveredmethods="1"/>
      <line num="2" count="1" type="stmt"/>
      <line num="5" count="13" type="stmt"/>
      <line num="6" count="13" type="stmt"/>
      <line num="7" count="13" type="stmt"/>
      <line num="8" count="13" type="stmt"/>
      <line num="9" count="13" type="stmt"/>
      <line num="12" count="1" type="stmt"/>
    </file>
    <file name="ItemMeasure.js" path="C:\Users\jaque\OneDrive\Documentos\Estudos\TI\Typescript\dist\src\ItemMeasure.js">
      <metrics statements="8" coveredstatements="8" conditionals="0" coveredconditionals="0" methods="3" coveredmethods="3"/>
      <line num="2" count="3" type="stmt"/>
      <line num="5" count="16" type="stmt"/>
      <line num="6" count="16" type="stmt"/>
      <line num="7" count="16" type="stmt"/>
      <line num="8" count="16" type="stmt"/>
      <line num="11" count="10" type="stmt"/>
      <line num="14" count="5" type="stmt"/>
      <line num="17" count="3" type="stmt"/>
    </file>
    <file name="Order.js" path="C:\Users\jaque\OneDrive\Documentos\Estudos\TI\Typescript\dist\src\Order.js">
      <metrics statements="18" coveredstatements="18" conditionals="11" coveredconditionals="10" methods="6" coveredmethods="6"/>
      <line num="2" count="1" type="cond" truecount="3" falsecount="0"/>
      <line num="3" count="3" type="cond" truecount="3" falsecount="1"/>
      <line num="5" count="1" type="stmt"/>
      <line num="6" count="1" type="stmt"/>
      <line num="7" count="1" type="stmt"/>
      <line num="8" count="1" type="stmt"/>
      <line num="11" count="7" type="stmt"/>
      <line num="12" count="6" type="stmt"/>
      <line num="15" count="13" type="stmt"/>
      <line num="18" count="2" type="stmt"/>
      <line num="21" count="3" type="stmt"/>
      <line num="22" count="3" type="stmt"/>
      <line num="23" count="9" type="stmt"/>
      <line num="25" count="3" type="cond" truecount="4" falsecount="0"/>
      <line num="26" count="1" type="stmt"/>
      <line num="28" count="3" type="stmt"/>
      <line num="31" count="2" type="stmt"/>
      <line num="34" count="1" type="stmt"/>
    </file>
    <file name="OrderItem.js" path="C:\Users\jaque\OneDrive\Documentos\Estudos\TI\Typescript\dist\src\OrderItem.js">
      <metrics statements="9" coveredstatements="9" conditionals="0" coveredconditionals="0" methods="4" coveredmethods="4"/>
      <line num="2" count="2" type="stmt"/>
      <line num="5" count="14" type="stmt"/>
      <line num="6" count="14" type="stmt"/>
      <line num="7" count="14" type="stmt"/>
      <line num="8" count="14" type="stmt"/>
      <line num="11" count="10" type="stmt"/>
      <line num="14" count="4" type="stmt"/>
      <line num="17" count="4" type="stmt"/>
      <line num="20" count="2" type="stmt"/>
    </file>
    <file name="Shipping.js" path="C:\Users\jaque\OneDrive\Documentos\Estudos\TI\Typescript\dist\src\Shipping.js">
      <metrics statements="11" coveredstatements="11" conditionals="2" coveredconditionals="2" methods="3" coveredmethods="3"/>
      <line num="2" count="1" type="stmt"/>
      <line num="5" count="2" type="stmt"/>
      <line num="6" count="2" type="stmt"/>
      <line num="7" count="2" type="stmt"/>
      <line num="10" count="2" type="stmt"/>
      <line num="11" count="2" type="stmt"/>
      <line num="12" count="4" type="stmt"/>
      <line num="14" count="2" type="cond" truecount="2" falsecount="0"/>
      <line num="15" count="1" type="stmt"/>
      <line num="17" count="1" type="stmt"/>
      <line num="20" count="1" type="stmt"/>
    </file>
  </project>
</coverage>
