TN:
SF:dist\src\Coupon.js
FN:4,(anonymous_0)
FN:9,(anonymous_1)
FNF:2
FNH:2
FNDA:2,(anonymous_0)
FNDA:2,(anonymous_1)
DA:2,1
DA:5,2
DA:6,2
DA:7,2
DA:10,2
DA:13,1
LF:6
LH:6
BRF:0
BRH:0
end_of_record
TN:
SF:dist\src\Cpf.js
FN:4,(anonymous_0)
FN:12,(anonymous_1)
FN:26,(anonymous_2)
FN:29,(anonymous_3)
FN:31,(anonymous_4)
FN:33,(anonymous_5)
FN:42,(anonymous_6)
FNF:7
FNH:7
FNDA:9,(anonymous_0)
FNDA:9,(anonymous_1)
FNDA:9,(anonymous_2)
FNDA:9,(anonymous_3)
FNDA:36,(anonymous_4)
FNDA:14,(anonymous_5)
FNDA:7,(anonymous_6)
DA:2,2
DA:5,9
DA:6,9
DA:7,9
DA:8,9
DA:9,2
DA:10,7
DA:13,9
DA:14,0
DA:15,9
DA:16,9
DA:17,0
DA:18,9
DA:19,2
DA:20,7
DA:21,7
DA:22,7
DA:23,7
DA:24,7
DA:27,9
DA:30,9
DA:31,36
DA:34,14
DA:35,14
DA:36,154
DA:37,133
DA:39,14
DA:40,14
DA:43,7
DA:46,2
LF:30
LH:28
BRDA:8,0,0,2
BRDA:8,0,1,7
BRDA:13,1,0,0
BRDA:13,1,1,9
BRDA:16,2,0,0
BRDA:16,2,1,9
BRDA:18,3,0,2
BRDA:18,3,1,7
BRDA:36,4,0,133
BRDA:36,4,1,21
BRDA:40,5,0,7
BRDA:40,5,1,7
BRF:12
BRH:10
end_of_record
TN:
SF:dist\src\Item.js
FN:4,(anonymous_0)
FNF:1
FNH:1
FNDA:13,(anonymous_0)
DA:2,1
DA:5,13
DA:6,13
DA:7,13
DA:8,13
DA:9,13
DA:12,1
LF:7
LH:7
BRF:0
BRH:0
end_of_record
TN:
SF:dist\src\ItemMeasure.js
FN:4,(anonymous_0)
FN:10,(anonymous_1)
FN:13,(anonymous_2)
FNF:3
FNH:3
FNDA:16,(anonymous_0)
FNDA:10,(anonymous_1)
FNDA:5,(anonymous_2)
DA:2,3
DA:5,16
DA:6,16
DA:7,16
DA:8,16
DA:11,10
DA:14,5
DA:17,3
LF:8
LH:8
BRF:0
BRH:0
end_of_record
TN:
SF:dist\src\Order.js
FN:2,(anonymous_0)
FN:10,(anonymous_1)
FN:14,(anonymous_2)
FN:17,(anonymous_3)
FN:20,(anonymous_4)
FN:30,(anonymous_5)
FNF:6
FNH:6
FNDA:3,(anonymous_0)
FNDA:7,(anonymous_1)
FNDA:13,(anonymous_2)
FNDA:2,(anonymous_3)
FNDA:3,(anonymous_4)
FNDA:2,(anonymous_5)
DA:2,1
DA:3,3
DA:5,1
DA:6,1
DA:7,1
DA:8,1
DA:11,7
DA:12,6
DA:15,13
DA:18,2
DA:21,3
DA:22,3
DA:23,9
DA:25,3
DA:26,1
DA:28,3
DA:31,2
DA:34,1
LF:18
LH:18
BRDA:2,0,0,1
BRDA:2,0,1,1
BRDA:2,0,2,1
BRDA:3,1,0,3
BRDA:3,1,1,0
BRDA:3,2,0,3
BRDA:3,2,1,3
BRDA:25,3,0,1
BRDA:25,3,1,2
BRDA:25,4,0,3
BRDA:25,4,1,2
BRF:11
BRH:10
end_of_record
TN:
SF:dist\src\OrderItem.js
FN:4,(anonymous_0)
FN:10,(anonymous_1)
FN:13,(anonymous_2)
FN:16,(anonymous_3)
FNF:4
FNH:4
FNDA:14,(anonymous_0)
FNDA:10,(anonymous_1)
FNDA:4,(anonymous_2)
FNDA:4,(anonymous_3)
DA:2,2
DA:5,14
DA:6,14
DA:7,14
DA:8,14
DA:11,10
DA:14,4
DA:17,4
DA:20,2
LF:9
LH:9
BRF:0
BRH:0
end_of_record
TN:
SF:dist\src\Shipping.js
FN:4,(anonymous_0)
FN:9,(anonymous_1)
FN:11,(anonymous_2)
FNF:3
FNH:3
FNDA:2,(anonymous_0)
FNDA:2,(anonymous_1)
FNDA:4,(anonymous_2)
DA:2,1
DA:5,2
DA:6,2
DA:7,2
DA:10,2
DA:11,2
DA:12,4
DA:14,2
DA:15,1
DA:17,1
DA:20,1
LF:11
LH:11
BRDA:14,0,0,1
BRDA:14,0,1,1
BRF:2
BRH:2
end_of_record
